<?xml version="1.0" encoding="UTF-8"?>
<testng-results ignored="0" total="1" passed="1" failed="0" skipped="0">
  <reporter-output>
  </reporter-output>
  <suite started-at="2020-12-17T18:31:03Z" name="InetBankingV1" finished-at="2020-12-17T18:31:26Z" duration-ms="22849">
    <groups>
    </groups>
    <test started-at="2020-12-17T18:31:03Z" name="BankingApp Test" finished-at="2020-12-17T18:31:26Z" duration-ms="22849">
      <class name="com.inetbanking.testCases.TC_LoginTest_001">
        <test-method is-config="true" signature="setup(java.lang.String)[pri:0, instance:com.inetbanking.testCases.TC_LoginTest_001@15ff3e9e]" started-at="2020-12-17T18:31:03Z" name="setup" finished-at="2020-12-17T18:31:20Z" duration-ms="16248" status="PASS">
          <params>
            <param index="0">
              <value>
                <![CDATA[firefox]]>
              </value>
            </param>
          </params>
          <reporter-output>
          </reporter-output>
        </test-method> <!-- setup -->
        <test-method signature="loginTest()[pri:0, instance:com.inetbanking.testCases.TC_LoginTest_001@15ff3e9e]" started-at="2020-12-17T18:31:20Z" name="loginTest" finished-at="2020-12-17T18:31:24Z" duration-ms="3922" status="PASS">
          <reporter-output>
          </reporter-output>
        </test-method> <!-- loginTest -->
        <test-method is-config="true" signature="tearDown()[pri:0, instance:com.inetbanking.testCases.TC_LoginTest_001@15ff3e9e]" started-at="2020-12-17T18:31:24Z" name="tearDown" finished-at="2020-12-17T18:31:26Z" duration-ms="2460" status="PASS">
          <reporter-output>
          </reporter-output>
        </test-method> <!-- tearDown -->
      </class> <!-- com.inetbanking.testCases.TC_LoginTest_001 -->
    </test> <!-- BankingApp Test -->
  </suite> <!-- InetBankingV1 -->
</testng-results>
