<?xml version="1.0" encoding="UTF-8"?>
<testng-results ignored="0" total="1" passed="1" failed="0" skipped="0">
  <reporter-output>
  </reporter-output>
  <suite started-at="2020-12-17T17:02:49Z" name="InetBankingV1" finished-at="2020-12-17T17:03:18Z" duration-ms="28335">
    <groups>
    </groups>
    <test started-at="2020-12-17T17:02:49Z" name="BankingApp Test" finished-at="2020-12-17T17:03:18Z" duration-ms="28335">
      <class name="com.inetbanking.testCases.TC_LoginTest_001">
        <test-method is-config="true" signature="setup(java.lang.String)[pri:0, instance:com.inetbanking.testCases.TC_LoginTest_001@63070bab]" started-at="2020-12-17T17:02:50Z" name="setup" finished-at="2020-12-17T17:03:09Z" duration-ms="18941" status="PASS">
          <params>
            <param index="0">
              <value>
                <![CDATA[firefox]]>
              </value>
            </param>
          </params>
          <reporter-output>
          </reporter-output>
        </test-method> <!-- setup -->
        <test-method signature="loginTest()[pri:0, instance:com.inetbanking.testCases.TC_LoginTest_001@63070bab]" started-at="2020-12-17T17:03:09Z" name="loginTest" finished-at="2020-12-17T17:03:13Z" duration-ms="4555" status="PASS">
          <reporter-output>
          </reporter-output>
        </test-method> <!-- loginTest -->
        <test-method is-config="true" signature="tearDown()[pri:0, instance:com.inetbanking.testCases.TC_LoginTest_001@63070bab]" started-at="2020-12-17T17:03:13Z" name="tearDown" finished-at="2020-12-17T17:03:18Z" duration-ms="4592" status="PASS">
          <reporter-output>
          </reporter-output>
        </test-method> <!-- tearDown -->
      </class> <!-- com.inetbanking.testCases.TC_LoginTest_001 -->
    </test> <!-- BankingApp Test -->
  </suite> <!-- InetBankingV1 -->
</testng-results>
